0 info it worked if it ends with ok
1 verbose cli [ 'C:\\Program Files\\nodejs\\node.exe',
1 verbose cli   'C:\\Users\\gen1463976\\AppData\\Roaming\\npm\\node_modules\\npm\\bin\\npm-cli.js',
1 verbose cli   'run',
1 verbose cli   'start:dev' ]
2 info using npm@4.0.5
3 info using node@v7.4.0
4 verbose run-script [ 'prestart:dev', 'start:dev', 'poststart:dev' ]
5 info lifecycle address-book@~prestart:dev: address-book@
6 silly lifecycle address-book@~prestart:dev: no script for prestart:dev, continuing
7 info lifecycle address-book@~start:dev: address-book@
8 verbose lifecycle address-book@~start:dev: unsafe-perm in lifecycle true
9 verbose lifecycle address-book@~start:dev: PATH: C:\Users\gen1463976\AppData\Roaming\npm\node_modules\npm\bin\node-gyp-bin;C:\Users\gen1463976\Desktop\Formation\AddressBook\node_modules\.bin;C:\Windows\system32;C:\Windows;C:\Windows\System32\Wbem;C:\Windows\System32\WindowsPowerShell\v1.0\;C:\Windows\System32\WindowsPowerShell\v1.0\;C:\Program Files\Microsoft Application Virtualization Client;C:\Program Files\Axalto\Access Client\v5\;C:\Program Files\wrq\Reflection1103\;C:\Program Files\ActivIdentity\SecureLogin\;C:\Program Files\nodejs\;C:\Program Files\Git\cmd;F:\ORAC\CLNT0009201NEN005\bin;C:\Program Files\Sennheiser\SoftphoneSDK\;C:\Program Files\Adobe\Graphviz\bin;C:\Users\gen1463976\AppData\Roaming\npm;C:\Program Files\Microsoft VS Code\bin
10 verbose lifecycle address-book@~start:dev: CWD: C:\Users\gen1463976\Desktop\Formation\AddressBook
11 silly lifecycle address-book@~start:dev: Args: [ '/d /s /c', 'nodemon src/server' ]
12 verbose stack Error: kill ENOSYS
12 verbose stack     at exports._errnoException (util.js:1022:11)
12 verbose stack     at process.kill (internal/process.js:173:13)
12 verbose stack     at process.listener (C:\Users\gen1463976\AppData\Roaming\npm\node_modules\npm\node_modules\npmlog\node_modules\gauge\node_modules\signal-exit\index.js:86:15)
12 verbose stack     at emitNone (events.js:91:20)
12 verbose stack     at process.emit (events.js:185:7)
12 verbose stack     at processEmit (C:\Users\gen1463976\AppData\Roaming\npm\node_modules\npm\node_modules\npmlog\node_modules\gauge\node_modules\signal-exit\index.js:146:32)
12 verbose stack     at processEmit (C:\Users\gen1463976\AppData\Roaming\npm\node_modules\npm\node_modules\npm-registry-client\node_modules\npmlog\node_modules\gauge\node_modules\signal-exit\index.js:146:32)
12 verbose stack     at Signal.wrap.onsignal (internal/process.js:200:44)
13 verbose cwd C:\Users\gen1463976\Desktop\Formation\AddressBook
14 error Windows_NT 6.1.7601
15 error argv "C:\\Program Files\\nodejs\\node.exe" "C:\\Users\\gen1463976\\AppData\\Roaming\\npm\\node_modules\\npm\\bin\\npm-cli.js" "run" "start:dev"
16 error node v7.4.0
17 error npm  v4.0.5
18 error code ENOSYS
19 error errno ENOSYS
20 error syscall kill
21 error kill ENOSYS
22 error If you need help, you may report this error at:
22 error     <https://github.com/npm/npm/issues>
23 verbose exit [ 1, true ]
